br9/dXkAm9s7/6TZ6fEbvDgyjhnYtczmr+jXfkMy0LTHygkEXNfuRebHqxSQIQqey7bXTi9UCOwhrvlZYWV+tfkr7CSTlgCcgeRuYpRoNtsuZj6bTUxjTRNtqRw=
3JriBWTGfEnj2RFqzusXOoH/dUhww97hMx4Z0rj1XGu28A9iZW3Mc8xl3ZjoTTMB/VXpNHZXrXz+FJ6ExTnljAEPW577NpOCjuihRkqXL1+gDWKpFQ==
jLKG1TOGhK4Cg6LcCxZvwyrcHjbWzylklQQfInp6h2IxZwzrtyS5v1NSJybecJb1W1y4l8QfLl4Zi5vcwrj2x/jKp/OGMa8SUprDTR/3l8jVisna1c4vpJT56dxg1dY7HJIPHKhCZeZOJDjyzhV6FC5NsebrM1dPqTo=
attaUVg4shtXtXDCPGt4nVbcmbtDUR2xvHDpBlVCfxnee85h54EWaBHpr2EzdKzj/5RcsGQUf71nBJN7wT6hwsHKTKybljCzDTeyOXipDw==
pKdHNP+1hMDc6o0558bRZquVjVqhhHZ3o4u/DGQCX93+tGklMB15jyGCS3HCS8J50+jDUF05Ewmn9DgLQ8SQiDD0S6VrNI+T9X5Val06wDRvNmRLQWdOEWypGw==
gGPzwSS5PX5MqOyWMIzEKquVjVqhhHZ3o4u/DGQCX93+pWErNhJ43SGCS3HCS8J50+nDUF05Ewmn9DgLQ8SQiDD0S6VrNI+T9X5Val06wDRvNmRLQWdOEWypGw==
kwA00oC9qoqIIcdRgLIPhltE/hlvQivDhjy35yklr6Nmx2cE7TCogphvWVBbxOD/kvWpgE0Jbnd/5WNGEs7raQ/zn9zy3oKehWqHMBRtQXgwkZ5vPIYHGLhmTbIOcJBWXpHygI4Z+aK7F39bqS4=
WXCXinG9LJNqf2dtNrFpcPHKpR74mHZ3q4mpHjAPVsOstG9sZFMs3SGCS3HCS8J50+vDUF05Ewmn9DgLQ8SQiDD0S6VrNI+T9X5Val06wDRvNmRLQWdOEWypGw==
YmjCvCby6+k99qbxEyoAAa+N5EKoznZ3oJa5GWIGRY2ytGo+IRgs3SGCS3HCS8J50+zDUF05Ewmn9DgLQ8SQiDD0S6VrNI+T9X5Val06wDRvNmRLQWdOEWypGw==
D2t+c1o2T834gzvgDD8klPrb56Gt5slqWGnc4/8rKU/ShfeLN5zy2OdL9037VmV43sytZLNKVJvt+qhPWkVMgPsq8MjZKK4mXLRm79ZKXn9lMFNZC2GpGA==
1moDMp3S81wQYQzwOyp+d00qOG4BKzFjVvjbvUIAc+b2/aYTb+GLclJ6A+2fl1co1qqKelUu74SU2Sk84HWWGxxyz3wo4qUGTkR4Uk71OnQubXFGa1MXb6ka
5x0HM5JChZXgq/s8NhQGKAP23llODtCpt3BbHsgLevrS8pNV/0/nYBJj+qJ1Vv+MlNE5RMCt5tPcOn+kSFo1js7M6OqurYq8biWBHkurB2epEg==
8h8UoDRy8taVPHtXjJ10slWZQgNhuL9uNoG378L5HNqZi5i3BSMhbLb2vv3MM7RNuQLT4VrrKqmbrApgNRnrOd/0wDs75Hi4eDSD9QOUFwNt/s36xdpoZCf2rDtph3ZhVKkj
zoJLA492KOxj9ctHclI6CJeiRRFasmKqS4xOIveJNM+exNBLeUB/+qX/joELAWfnn2gypN+vx0HzQkQlBgj9yFv+1CcVXtiDkhEsnOMu4CTxXO7a5NDWY17e/qM9dIN1Y1WpJA==
uZl+L36gDEeliozbU/36egN0dDpeanggVv+F4gdMYLX+r+cTb+GLclJ6A+2fl1co1KuKelUu74SU2Sk84HWWGxxyz3wo4qUGTkR4Uk71OnQubXFGa1MXb6ka
x3JEbohi13OYmdIQMx8INt920J+1iKqEv9ax1vZLL9f/syU8NaO9OJTWJPIdMfHHcPz8QJguno/NQLKE+M50ZHjz57Y1zrGlq+5P3Rd9gqR8auQyGj50Y51Cf1eWU78r8iV1yAxcqLOsBLuiD1/THF4GbezPC+KVT+gL0Hm+raLMcsuvbX++jj5dyfdPZaZIM8gyBB9PR2GzIkbFxyh9qBte1IdVPlijUvEs/KMOYMQx/O56JDBWQx6+/kP9VAMVI/WphA==
KG3AkTmVbWfOQI4todVj1HFf/XuPewNXWWjRJ0CqPYuu+BzalNbWsg5nGQoUkcyhpILHaf3CF6kmW8ZxP8CumZmJd7FbdESzp3TUwNzUJ61vJOvLKb4JMvmqRLzD1sgDhZdqaVCpJw==
DU64Qj67Sh6bQG0XK5gT+OfQvQ/4kXZ3o4u/DGQCX93+tGklMB15ryGCS3HCS8J50+HBUV05Ewmn9DgLQ8SQiDD0S6VrNI+T9X5Val06wDRvNmRLQWdOEWypGw==
naWuRg4alGPBIk7o2zmZ/nqhmxu+mWwUN5r5kho5KCTi25tv8x1DIqnVmKN4DQE5l+qncUnNZbT6zxmMarxiJJnRUdzVtxdeN05HUvrAfSZ2fztvVBVuqRk=
bEKkdPUy8phKdBeS1iUs3URhgoRyOTaLWhH34t39tNNkNRXao7JbIeUl8TRup7VcFmRWRI3pTSz5n+Meg6Yr4ma46YYCpwc/uD16qQ0=
sLVwdfx3GbUOewhhm5h6gon/cFdu2MnpbFFK1bn/QmvigQ9iZW3Mc8xl3ZvrQjMB/VXpNHZXrXz+FJ6ExTnljAEPW577NpOCjuihRkqXL1+gDWKpFQ==
dmJLmjEhVUEMdJ2NM/DeyAyIt5MPaT3VzU0X44cEclB3M1fli46kNgD0zYyDUlST/QKIZ6odDEirkhCgabAurszMxkemkp43tQgzsTt5qRA=
A1dCVLGoUrmE5h7j0q+LlSdN274JfEcvz8CyDI9n50njagWKmIBdAAvW1A9FlngLArlstPMmwOyh9G5ytBj2a072vgut/CO9M32pDA==
2rRfT4xzBSF4TnedSriIwydN2qgbeUcvz8CyDI9n50njagaKmIBdAAvW1A9FlngLArlstPMmwOyh9G5ytBj2a072vgut/CO9M32pDA==
reYKSo8qhUYDcf70409nPy7fofj358s/ZdnVOoJ5B3aNRwIcHTbc+u/xk1JfQh3kQPEfYnUN/LN8BW0bfCPjwa11GTQGd308rvQOBHXZVcwx70ue6xbjwn5I0cbaN3+fcG1SqSU=
sGAIS+OAoml5VfWxI721Kvjr5tLTRPLr3q1mErVHH1QZhPiogRBKd3C84+PH2WvJ0VCdAQLF2KvHqB4qBlkS/Zfl1zqAXUZDXKofFIgKFX/OvMg67h1qLO61IW6Le2dXqSI=
CI6oC2v8b2V6cdbOoRjUnbwlOicGazQUM98DRsG9zF4xdvp6QJD+2h3oPRFH2/cfTX02zFYIOx2EUFew5LLWA7ZjeeZy
